Perfect copy/Visit_Bangladesh_Flutter_8/build/app/intermediates/manifest_merge_blame_file/debug/manifest-merger-blame-debug-report.txt
1<?xml version="1.0" encoding="utf-8"?>
2<manifest xmlns:android="http://schemas.android.com/apk/res/android"
3    package="com.example.visit_bangladesh"
4    android:versionCode="1"
5    android:versionName="1.0.0" >
6
7    <uses-sdk
8        android:minSdkVersion="20"
9        android:targetSdkVersion="28" />
10    <!--
11         Flutter needs it to communicate with the running application
12         to allow setting breakpoints, to provide hot reload, etc.
13    -->
14    <uses-permission android:name="android.permission.INTERNET" />
14-->src\main\AndroidManifest.xml:9:5-67
14-->src\main\AndroidManifest.xml:9:22-64
15    <uses-permission android:name="android.permission.ACCESS_FINE_LOCATION" />
15-->src\main\AndroidManifest.xml:10:5-79
15-->src\main\AndroidManifest.xml:10:22-76
16    <uses-permission android:name="android.permission.ACCESS_COARSE_LOCATION" />
16-->src\main\AndroidManifest.xml:11:5-81
16-->src\main\AndroidManifest.xml:11:22-78
17    <uses-permission android:name="android.permission.ACCESS_NETWORK_STATE" />
17-->[com.google.firebase:firebase-auth:21.0.1] AndroidManifest.xml:24:5-79
17-->[com.google.firebase:firebase-auth:21.0.1] AndroidManifest.xml:24:22-76
18    <uses-permission android:name="android.permission.WAKE_LOCK" />
18-->[com.google.android.gms:play-services-measurement-api:19.0.0] AndroidManifest.xml:24:5-68
18-->[com.google.android.gms:play-services-measurement-api:19.0.0] AndroidManifest.xml:24:22-65
19
20    <uses-feature
20-->[com.google.android.gms:play-services-maps:17.0.0] AndroidManifest.xml:26:5-28:35
21        android:glEsVersion="0x00020000"
21-->[com.google.android.gms:play-services-maps:17.0.0] AndroidManifest.xml:27:9-41
22        android:required="true" />
22-->[com.google.android.gms:play-services-maps:17.0.0] AndroidManifest.xml:28:9-32
23
24    <uses-permission android:name="com.google.android.finsky.permission.BIND_GET_INSTALL_REFERRER_SERVICE" />
24-->[com.google.android.gms:play-services-measurement:19.0.0] AndroidManifest.xml:26:5-110
24-->[com.google.android.gms:play-services-measurement:19.0.0] AndroidManifest.xml:26:22-107
25
26    <application
26-->src\main\AndroidManifest.xml:13:5-59:19
27        android:name="io.flutter.app.FlutterApplication"
27-->src\main\AndroidManifest.xml:14:9-57
28        android:appComponentFactory="androidx.core.app.CoreComponentFactory"
28-->[androidx.core:core:1.1.0] AndroidManifest.xml:24:18-86
29        android:debuggable="true"
30        android:icon="@mipmap/ic_launcher"
30-->src\main\AndroidManifest.xml:16:9-43
31        android:label="visit_bangladesh"
31-->src\main\AndroidManifest.xml:15:9-41
32        android:supportsRtl="true" >
32-->[com.facebook.android:facebook-android-sdk:5.15.3] AndroidManifest.xml:28:18-44
33        <meta-data
33-->src\main\AndroidManifest.xml:18:9-19:70
34            android:name="com.google.android.geo.API_KEY"
34-->src\main\AndroidManifest.xml:18:20-65
35            android:value="AIzaSyCD7EdMsUf4lDpmMtW7blwwLcolLkwnR-0" />
35-->src\main\AndroidManifest.xml:19:13-68
36
37        <activity
37-->src\main\AndroidManifest.xml:21:9-39:20
38            android:name="com.example.visit_bangladesh.MainActivity"
38-->src\main\AndroidManifest.xml:22:13-41
39            android:configChanges="orientation|keyboardHidden|keyboard|screenSize|smallestScreenSize|locale|layoutDirection|fontScale|screenLayout|density|uiMode"
39-->src\main\AndroidManifest.xml:25:13-163
40            android:hardwareAccelerated="true"
40-->src\main\AndroidManifest.xml:26:13-47
41            android:launchMode="singleTop"
41-->src\main\AndroidManifest.xml:23:13-43
42            android:theme="@style/LaunchTheme"
42-->src\main\AndroidManifest.xml:24:13-47
43            android:windowSoftInputMode="adjustResize" >
43-->src\main\AndroidManifest.xml:27:13-55
44
45            <!--
46                 This keeps the window background of the activity showing
47                 until Flutter renders its first frame. It can be removed if
48                 there is no splash screen (such as the default splash screen
49                 defined in @style/LaunchTheme).
50            -->
51            <meta-data
51-->src\main\AndroidManifest.xml:32:13-34:40
52                android:name="io.flutter.app.android.SplashScreenUntilFirstFrame"
52-->src\main\AndroidManifest.xml:33:17-82
53                android:value="true" />
53-->src\main\AndroidManifest.xml:34:17-37
54
55            <intent-filter>
55-->src\main\AndroidManifest.xml:35:13-38:29
56                <action android:name="android.intent.action.MAIN" />
56-->src\main\AndroidManifest.xml:36:17-68
56-->src\main\AndroidManifest.xml:36:25-66
57
58                <category android:name="android.intent.category.LAUNCHER" />
58-->src\main\AndroidManifest.xml:37:17-76
58-->src\main\AndroidManifest.xml:37:27-74
59            </intent-filter>
60        </activity>
61
62        <meta-data
62-->src\main\AndroidManifest.xml:41:9-42:54
63            android:name="com.facebook.sdk.ApplicationId"
63-->src\main\AndroidManifest.xml:41:20-65
64            android:value="@string/facebook_app_id" />
64-->src\main\AndroidManifest.xml:42:13-52
65
66        <activity
66-->src\main\AndroidManifest.xml:44:9-47:48
67            android:name="com.facebook.FacebookActivity"
67-->src\main\AndroidManifest.xml:44:19-63
68            android:configChanges="keyboard|keyboardHidden|screenLayout|screenSize|orientation"
68-->src\main\AndroidManifest.xml:45:13-113
69            android:label="@string/app_name"
69-->src\main\AndroidManifest.xml:47:13-45
70            android:theme="@style/com_facebook_activity_theme" />
70-->[com.facebook.android:facebook-common:5.15.3] AndroidManifest.xml:33:13-63
71        <activity
71-->src\main\AndroidManifest.xml:48:9-57:20
72            android:name="com.facebook.CustomTabActivity"
72-->src\main\AndroidManifest.xml:49:13-58
73            android:exported="true" >
73-->src\main\AndroidManifest.xml:50:13-36
74            <intent-filter>
74-->src\main\AndroidManifest.xml:51:13-56:29
75                <action android:name="android.intent.action.VIEW" />
75-->src\main\AndroidManifest.xml:52:17-69
75-->src\main\AndroidManifest.xml:52:25-66
76
77                <category android:name="android.intent.category.DEFAULT" />
77-->src\main\AndroidManifest.xml:53:17-76
77-->src\main\AndroidManifest.xml:53:27-73
78                <category android:name="android.intent.category.BROWSABLE" />
78-->src\main\AndroidManifest.xml:54:17-78
78-->src\main\AndroidManifest.xml:54:27-75
79
80                <data android:scheme="@string/fb_login_protocol_scheme" />
80-->src\main\AndroidManifest.xml:55:17-75
80-->src\main\AndroidManifest.xml:55:23-72
81            </intent-filter>
82            <intent-filter>
82-->[com.facebook.android:facebook-common:5.15.3] AndroidManifest.xml:39:13-48:29
83                <action android:name="android.intent.action.VIEW" />
83-->src\main\AndroidManifest.xml:52:17-69
83-->src\main\AndroidManifest.xml:52:25-66
84
85                <category android:name="android.intent.category.DEFAULT" />
85-->src\main\AndroidManifest.xml:53:17-76
85-->src\main\AndroidManifest.xml:53:27-73
86                <category android:name="android.intent.category.BROWSABLE" />
86-->src\main\AndroidManifest.xml:54:17-78
86-->src\main\AndroidManifest.xml:54:27-75
87
88                <data
88-->src\main\AndroidManifest.xml:55:17-75
89                    android:host="cct.com.example.visit_bangladesh"
90                    android:scheme="fbconnect" />
90-->src\main\AndroidManifest.xml:55:23-72
91            </intent-filter>
92        </activity>
93
94        <service
94-->[:firebase_storage] AndroidManifest.xml:8:9-12:19
95            android:name="com.google.firebase.components.ComponentDiscoveryService"
95-->[:firebase_storage] AndroidManifest.xml:8:18-89
96            android:directBootAware="true"
96-->[com.google.firebase:firebase-common:20.0.0] AndroidManifest.xml:35:13-43
97            android:exported="false" >
97-->[com.google.firebase:firebase-auth:21.0.1] AndroidManifest.xml:76:13-37
98            <meta-data
98-->[:firebase_storage] AndroidManifest.xml:9:13-11:85
99                android:name="com.google.firebase.components:io.flutter.plugins.firebase.storage.FlutterFirebaseAppRegistrar"
99-->[:firebase_storage] AndroidManifest.xml:10:17-126
100                android:value="com.google.firebase.components.ComponentRegistrar" />
100-->[:firebase_storage] AndroidManifest.xml:11:17-82
101            <meta-data
101-->[:cloud_firestore] AndroidManifest.xml:9:13-11:85
102                android:name="com.google.firebase.components:io.flutter.plugins.firebase.firestore.FlutterFirebaseFirestoreRegistrar"
102-->[:cloud_firestore] AndroidManifest.xml:10:17-134
103                android:value="com.google.firebase.components.ComponentRegistrar" />
103-->[:cloud_firestore] AndroidManifest.xml:11:17-82
104            <meta-data
104-->[:firebase_auth] AndroidManifest.xml:9:13-11:85
105                android:name="com.google.firebase.components:io.flutter.plugins.firebase.auth.FlutterFirebaseAuthRegistrar"
105-->[:firebase_auth] AndroidManifest.xml:10:17-124
106                android:value="com.google.firebase.components.ComponentRegistrar" />
106-->[:firebase_auth] AndroidManifest.xml:11:17-82
107            <meta-data
107-->[:firebase_core] AndroidManifest.xml:9:13-11:85
108                android:name="com.google.firebase.components:io.flutter.plugins.firebase.core.FlutterFirebaseCoreRegistrar"
108-->[:firebase_core] AndroidManifest.xml:10:17-124
109                android:value="com.google.firebase.components.ComponentRegistrar" />
109-->[:firebase_core] AndroidManifest.xml:11:17-82
110            <meta-data
110-->[com.google.firebase:firebase-auth:21.0.1] AndroidManifest.xml:77:13-79:85
111                android:name="com.google.firebase.components:com.google.firebase.auth.FirebaseAuthRegistrar"
111-->[com.google.firebase:firebase-auth:21.0.1] AndroidManifest.xml:78:17-109
112                android:value="com.google.firebase.components.ComponentRegistrar" />
112-->[com.google.firebase:firebase-auth:21.0.1] AndroidManifest.xml:79:17-82
113            <meta-data
113-->[com.google.firebase:firebase-firestore:23.0.1] AndroidManifest.xml:20:13-22:85
114                android:name="com.google.firebase.components:com.google.firebase.firestore.FirestoreRegistrar"
114-->[com.google.firebase:firebase-firestore:23.0.1] AndroidManifest.xml:21:17-111
115                android:value="com.google.firebase.components.ComponentRegistrar" />
115-->[com.google.firebase:firebase-firestore:23.0.1] AndroidManifest.xml:22:17-82
116            <meta-data
116-->[com.google.firebase:firebase-storage:20.0.0] AndroidManifest.xml:33:13-35:85
117                android:name="com.google.firebase.components:com.google.firebase.storage.StorageRegistrar"
117-->[com.google.firebase:firebase-storage:20.0.0] AndroidManifest.xml:34:17-107
118                android:value="com.google.firebase.components.ComponentRegistrar" />
118-->[com.google.firebase:firebase-storage:20.0.0] AndroidManifest.xml:35:17-82
119            <meta-data
119-->[com.google.android.gms:play-services-measurement-api:19.0.0] AndroidManifest.xml:30:13-32:85
120                android:name="com.google.firebase.components:com.google.firebase.analytics.connector.internal.AnalyticsConnectorRegistrar"
120-->[com.google.android.gms:play-services-measurement-api:19.0.0] AndroidManifest.xml:31:17-139
121                android:value="com.google.firebase.components.ComponentRegistrar" />
121-->[com.google.android.gms:play-services-measurement-api:19.0.0] AndroidManifest.xml:32:17-82
122            <meta-data
122-->[com.google.firebase:firebase-installations:17.0.0] AndroidManifest.xml:18:13-20:85
123                android:name="com.google.firebase.components:com.google.firebase.installations.FirebaseInstallationsRegistrar"
123-->[com.google.firebase:firebase-installations:17.0.0] AndroidManifest.xml:19:17-127
124                android:value="com.google.firebase.components.ComponentRegistrar" />
124-->[com.google.firebase:firebase-installations:17.0.0] AndroidManifest.xml:20:17-82
125        </service>
126
127        <provider
127-->[:image_picker] AndroidManifest.xml:8:9-16:20
128            android:name="io.flutter.plugins.imagepicker.ImagePickerFileProvider"
128-->[:image_picker] AndroidManifest.xml:9:13-82
129            android:authorities="com.example.visit_bangladesh.flutter.image_provider"
129-->[:image_picker] AndroidManifest.xml:10:13-74
130            android:exported="false"
130-->[:image_picker] AndroidManifest.xml:11:13-37
131            android:grantUriPermissions="true" >
131-->[:image_picker] AndroidManifest.xml:12:13-47
132            <meta-data
132-->[:image_picker] AndroidManifest.xml:13:13-15:75
133                android:name="android.support.FILE_PROVIDER_PATHS"
133-->[:image_picker] AndroidManifest.xml:14:17-67
134                android:resource="@xml/flutter_image_picker_file_paths" />
134-->[:image_picker] AndroidManifest.xml:15:17-72
135        </provider>
136
137        <activity
137-->[com.google.firebase:firebase-auth:21.0.1] AndroidManifest.xml:27:9-44:20
138            android:name="com.google.firebase.auth.internal.GenericIdpActivity"
138-->[com.google.firebase:firebase-auth:21.0.1] AndroidManifest.xml:28:13-80
139            android:excludeFromRecents="true"
139-->[com.google.firebase:firebase-auth:21.0.1] AndroidManifest.xml:29:13-46
140            android:exported="true"
140-->[com.google.firebase:firebase-auth:21.0.1] AndroidManifest.xml:30:13-36
141            android:launchMode="singleTask"
141-->[com.google.firebase:firebase-auth:21.0.1] AndroidManifest.xml:31:13-44
142            android:theme="@android:style/Theme.Translucent.NoTitleBar" >
142-->[com.google.firebase:firebase-auth:21.0.1] AndroidManifest.xml:32:13-72
143            <intent-filter>
143-->[com.google.firebase:firebase-auth:21.0.1] AndroidManifest.xml:33:13-43:29
144                <action android:name="android.intent.action.VIEW" />
144-->src\main\AndroidManifest.xml:52:17-69
144-->src\main\AndroidManifest.xml:52:25-66
145
146                <category android:name="android.intent.category.DEFAULT" />
146-->src\main\AndroidManifest.xml:53:17-76
146-->src\main\AndroidManifest.xml:53:27-73
147                <category android:name="android.intent.category.BROWSABLE" />
147-->src\main\AndroidManifest.xml:54:17-78
147-->src\main\AndroidManifest.xml:54:27-75
148
149                <data
149-->src\main\AndroidManifest.xml:55:17-75
150                    android:host="firebase.auth"
151                    android:path="/"
152                    android:scheme="genericidp" />
152-->src\main\AndroidManifest.xml:55:23-72
153            </intent-filter>
154        </activity>
155        <activity
155-->[com.google.firebase:firebase-auth:21.0.1] AndroidManifest.xml:45:9-62:20
156            android:name="com.google.firebase.auth.internal.RecaptchaActivity"
156-->[com.google.firebase:firebase-auth:21.0.1] AndroidManifest.xml:46:13-79
157            android:excludeFromRecents="true"
157-->[com.google.firebase:firebase-auth:21.0.1] AndroidManifest.xml:47:13-46
158            android:exported="true"
158-->[com.google.firebase:firebase-auth:21.0.1] AndroidManifest.xml:48:13-36
159            android:launchMode="singleTask"
159-->[com.google.firebase:firebase-auth:21.0.1] AndroidManifest.xml:49:13-44
160            android:theme="@android:style/Theme.Translucent.NoTitleBar" >
160-->[com.google.firebase:firebase-auth:21.0.1] AndroidManifest.xml:50:13-72
161            <intent-filter>
161-->[com.google.firebase:firebase-auth:21.0.1] AndroidManifest.xml:51:13-61:29
162                <action android:name="android.intent.action.VIEW" />
162-->src\main\AndroidManifest.xml:52:17-69
162-->src\main\AndroidManifest.xml:52:25-66
163
164                <category android:name="android.intent.category.DEFAULT" />
164-->src\main\AndroidManifest.xml:53:17-76
164-->src\main\AndroidManifest.xml:53:27-73
165                <category android:name="android.intent.category.BROWSABLE" />
165-->src\main\AndroidManifest.xml:54:17-78
165-->src\main\AndroidManifest.xml:54:27-75
166
167                <data
167-->src\main\AndroidManifest.xml:55:17-75
168                    android:host="firebase.auth"
169                    android:path="/"
170                    android:scheme="recaptcha" />
170-->src\main\AndroidManifest.xml:55:23-72
171            </intent-filter>
172        </activity>
173
174        <service
174-->[com.google.firebase:firebase-auth:21.0.1] AndroidManifest.xml:64:9-73:19
175            android:name="com.google.firebase.auth.api.fallback.service.FirebaseAuthFallbackService"
175-->[com.google.firebase:firebase-auth:21.0.1] AndroidManifest.xml:65:13-101
176            android:enabled="true"
176-->[com.google.firebase:firebase-auth:21.0.1] AndroidManifest.xml:66:13-35
177            android:exported="false" >
177-->[com.google.firebase:firebase-auth:21.0.1] AndroidManifest.xml:67:13-37
178            <intent-filter>
178-->[com.google.firebase:firebase-auth:21.0.1] AndroidManifest.xml:68:13-72:29
179                <action android:name="com.google.firebase.auth.api.gms.service.START" />
179-->[com.google.firebase:firebase-auth:21.0.1] AndroidManifest.xml:69:17-89
179-->[com.google.firebase:firebase-auth:21.0.1] AndroidManifest.xml:69:25-86
180
181                <category android:name="android.intent.category.DEFAULT" />
181-->src\main\AndroidManifest.xml:53:17-76
181-->src\main\AndroidManifest.xml:53:27-73
182            </intent-filter>
183        </service>
184
185        <activity
185-->[com.google.android.gms:play-services-auth:19.0.0] AndroidManifest.xml:23:9-27:75
186            android:name="com.google.android.gms.auth.api.signin.internal.SignInHubActivity"
186-->[com.google.android.gms:play-services-auth:19.0.0] AndroidManifest.xml:24:13-93
187            android:excludeFromRecents="true"
187-->[com.google.android.gms:play-services-auth:19.0.0] AndroidManifest.xml:25:13-46
188            android:exported="false"
188-->[com.google.android.gms:play-services-auth:19.0.0] AndroidManifest.xml:26:13-37
189            android:theme="@android:style/Theme.Translucent.NoTitleBar" />
189-->[com.google.android.gms:play-services-auth:19.0.0] AndroidManifest.xml:27:13-72
190        <!--
191            Service handling Google Sign-In user revocation. For apps that do not integrate with
192            Google Sign-In, this service will never be started.
193        -->
194        <service
194-->[com.google.android.gms:play-services-auth:19.0.0] AndroidManifest.xml:33:9-37:51
195            android:name="com.google.android.gms.auth.api.signin.RevocationBoundService"
195-->[com.google.android.gms:play-services-auth:19.0.0] AndroidManifest.xml:34:13-89
196            android:exported="true"
196-->[com.google.android.gms:play-services-auth:19.0.0] AndroidManifest.xml:35:13-36
197            android:permission="com.google.android.gms.auth.api.signin.permission.REVOCATION_NOTIFICATION"
197-->[com.google.android.gms:play-services-auth:19.0.0] AndroidManifest.xml:36:13-107
198            android:visibleToInstantApps="true" />
198-->[com.google.android.gms:play-services-auth:19.0.0] AndroidManifest.xml:37:13-48
199
200        <provider
200-->[com.google.firebase:firebase-common:20.0.0] AndroidManifest.xml:26:9-31:39
201            android:name="com.google.firebase.provider.FirebaseInitProvider"
201-->[com.google.firebase:firebase-common:20.0.0] AndroidManifest.xml:27:13-77
202            android:authorities="com.example.visit_bangladesh.firebaseinitprovider"
202-->[com.google.firebase:firebase-common:20.0.0] AndroidManifest.xml:28:13-72
203            android:directBootAware="true"
203-->[com.google.firebase:firebase-common:20.0.0] AndroidManifest.xml:29:13-43
204            android:exported="false"
204-->[com.google.firebase:firebase-common:20.0.0] AndroidManifest.xml:30:13-37
205            android:initOrder="100" /> <!-- Needs to be explicitly declared on P+ -->
205-->[com.google.firebase:firebase-common:20.0.0] AndroidManifest.xml:31:13-36
206        <uses-library
206-->[com.google.android.gms:play-services-maps:17.0.0] AndroidManifest.xml:33:9-35:40
207            android:name="org.apache.http.legacy"
207-->[com.google.android.gms:play-services-maps:17.0.0] AndroidManifest.xml:34:13-50
208            android:required="false" />
208-->[com.google.android.gms:play-services-maps:17.0.0] AndroidManifest.xml:35:13-37
209
210        <activity
210-->[com.google.android.gms:play-services-base:17.1.0] AndroidManifest.xml:23:9-26:75
211            android:name="com.google.android.gms.common.api.GoogleApiActivity"
211-->[com.google.android.gms:play-services-base:17.1.0] AndroidManifest.xml:24:13-79
212            android:exported="false"
212-->[com.google.android.gms:play-services-base:17.1.0] AndroidManifest.xml:25:13-37
213            android:theme="@android:style/Theme.Translucent.NoTitleBar" />
213-->[com.google.android.gms:play-services-base:17.1.0] AndroidManifest.xml:26:13-72
214
215        <receiver
215-->[com.google.android.gms:play-services-measurement:19.0.0] AndroidManifest.xml:29:9-33:20
216            android:name="com.google.android.gms.measurement.AppMeasurementReceiver"
216-->[com.google.android.gms:play-services-measurement:19.0.0] AndroidManifest.xml:30:13-85
217            android:enabled="true"
217-->[com.google.android.gms:play-services-measurement:19.0.0] AndroidManifest.xml:31:13-35
218            android:exported="false" >
218-->[com.google.android.gms:play-services-measurement:19.0.0] AndroidManifest.xml:32:13-37
219        </receiver>
220
221        <service
221-->[com.google.android.gms:play-services-measurement:19.0.0] AndroidManifest.xml:35:9-38:40
222            android:name="com.google.android.gms.measurement.AppMeasurementService"
222-->[com.google.android.gms:play-services-measurement:19.0.0] AndroidManifest.xml:36:13-84
223            android:enabled="true"
223-->[com.google.android.gms:play-services-measurement:19.0.0] AndroidManifest.xml:37:13-35
224            android:exported="false" />
224-->[com.google.android.gms:play-services-measurement:19.0.0] AndroidManifest.xml:38:13-37
225        <service
225-->[com.google.android.gms:play-services-measurement:19.0.0] AndroidManifest.xml:39:9-43:72
226            android:name="com.google.android.gms.measurement.AppMeasurementJobService"
226-->[com.google.android.gms:play-services-measurement:19.0.0] AndroidManifest.xml:40:13-87
227            android:enabled="true"
227-->[com.google.android.gms:play-services-measurement:19.0.0] AndroidManifest.xml:41:13-35
228            android:exported="false"
228-->[com.google.android.gms:play-services-measurement:19.0.0] AndroidManifest.xml:42:13-37
229            android:permission="android.permission.BIND_JOB_SERVICE" />
229-->[com.google.android.gms:play-services-measurement:19.0.0] AndroidManifest.xml:43:13-69
230
231        <meta-data
231-->[com.google.android.gms:play-services-basement:17.1.1] AndroidManifest.xml:23:9-25:69
232            android:name="com.google.android.gms.version"
232-->[com.google.android.gms:play-services-basement:17.1.1] AndroidManifest.xml:24:13-58
233            android:value="@integer/google_play_services_version" />
233-->[com.google.android.gms:play-services-basement:17.1.1] AndroidManifest.xml:25:13-66
234
235        <activity android:name="com.facebook.CustomTabMainActivity" />
235-->[com.facebook.android:facebook-common:5.15.3] AndroidManifest.xml:34:9-71
235-->[com.facebook.android:facebook-common:5.15.3] AndroidManifest.xml:34:19-68
236        <!--
237         The initialization ContentProvider will call FacebookSdk.sdkInitialize automatically
238         with the application context. This config is merged in with the host app's manifest,
239         but there can only be one provider with the same authority activated at any given
240         point; so if the end user has two or more different apps that use Facebook SDK, only the
241         first one will be able to use the provider. To work around this problem, we use the
242         following placeholder in the authority to identify each host application as if it was
243         a completely different provider.
244        -->
245        <provider
245-->[com.facebook.android:facebook-core:5.15.3] AndroidManifest.xml:39:9-42:40
246            android:name="com.facebook.internal.FacebookInitProvider"
246-->[com.facebook.android:facebook-core:5.15.3] AndroidManifest.xml:40:13-70
247            android:authorities="com.example.visit_bangladesh.FacebookInitProvider"
247-->[com.facebook.android:facebook-core:5.15.3] AndroidManifest.xml:41:13-72
248            android:exported="false" />
248-->[com.facebook.android:facebook-core:5.15.3] AndroidManifest.xml:42:13-37
249
250        <receiver
250-->[com.facebook.android:facebook-core:5.15.3] AndroidManifest.xml:44:9-50:20
251            android:name="com.facebook.CurrentAccessTokenExpirationBroadcastReceiver"
251-->[com.facebook.android:facebook-core:5.15.3] AndroidManifest.xml:45:13-86
252            android:exported="false" >
252-->[com.facebook.android:facebook-core:5.15.3] AndroidManifest.xml:46:13-37
253            <intent-filter>
253-->[com.facebook.android:facebook-core:5.15.3] AndroidManifest.xml:47:13-49:29
254                <action android:name="com.facebook.sdk.ACTION_CURRENT_ACCESS_TOKEN_CHANGED" />
254-->[com.facebook.android:facebook-core:5.15.3] AndroidManifest.xml:48:17-95
254-->[com.facebook.android:facebook-core:5.15.3] AndroidManifest.xml:48:25-92
255            </intent-filter>
256        </receiver>
257    </application>
258
259</manifest>